<?xml version="1.0" encoding="UTF-8"?>
<testsuite xmlns:xsi="http://www.w3.org/2001/XMLSchema-instance" xsi:noNamespaceSchemaLocation="https://maven.apache.org/surefire/maven-surefire-plugin/xsd/surefire-test-report.xsd" name="com.osokin.AppTest" time="0.045" tests="1" errors="0" skipped="0" failures="0">
  <properties>
    <property name="java.specification.version" value="14"/>
    <property name="sun.cpu.isalist" value="amd64"/>
    <property name="sun.jnu.encoding" value="Cp1251"/>
    <property name="java.class.path" value="C:\Users\whale\IdeaProjects\ReportTable\target\test-classes;C:\Users\whale\IdeaProjects\ReportTable\target\classes;C:\Users\whale\.m2\repository\com\intellij\forms_rt\6.0.5\forms_rt-6.0.5.jar;C:\Users\whale\.m2\repository\asm\asm-commons\2.2.3\asm-commons-2.2.3.jar;C:\Users\whale\.m2\repository\asm\asm-tree\2.2.3\asm-tree-2.2.3.jar;C:\Users\whale\.m2\repository\asm\asm\2.2.3\asm-2.2.3.jar;C:\Users\whale\.m2\repository\com\jgoodies\forms\1.0.7\forms-1.0.7.jar;C:\Users\whale\.m2\repository\jdom\jdom\1.0\jdom-1.0.jar;C:\Users\whale\.m2\repository\junit\junit\4.11\junit-4.11.jar;C:\Users\whale\.m2\repository\org\hamcrest\hamcrest-core\1.3\hamcrest-core-1.3.jar;C:\Users\whale\.m2\repository\org\projectlombok\lombok\1.18.24\lombok-1.18.24.jar;"/>
    <property name="java.vm.vendor" value="Oracle Corporation"/>
    <property name="sun.arch.data.model" value="64"/>
    <property name="user.variant" value=""/>
    <property name="java.vendor.url" value="https://java.oracle.com/"/>
    <property name="user.timezone" value="Asia/Novosibirsk"/>
    <property name="os.name" value="Windows 10"/>
    <property name="java.vm.specification.version" value="14"/>
    <property name="sun.java.launcher" value="SUN_STANDARD"/>
    <property name="user.country" value="RU"/>
    <property name="sun.boot.library.path" value="C:\Users\whale\.jdks\openjdk-14.0.2\bin"/>
    <property name="sun.java.command" value="C:\Users\whale\AppData\Local\Temp\surefire14324924684804208044\surefirebooter5579180131909936774.jar C:\Users\whale\AppData\Local\Temp\surefire14324924684804208044 2022-10-29T17-57-58_745-jvmRun1 surefire13378686005435088510tmp surefire_010623405171863323986tmp"/>
    <property name="jdk.debug" value="release"/>
    <property name="surefire.test.class.path" value="C:\Users\whale\IdeaProjects\ReportTable\target\test-classes;C:\Users\whale\IdeaProjects\ReportTable\target\classes;C:\Users\whale\.m2\repository\com\intellij\forms_rt\6.0.5\forms_rt-6.0.5.jar;C:\Users\whale\.m2\repository\asm\asm-commons\2.2.3\asm-commons-2.2.3.jar;C:\Users\whale\.m2\repository\asm\asm-tree\2.2.3\asm-tree-2.2.3.jar;C:\Users\whale\.m2\repository\asm\asm\2.2.3\asm-2.2.3.jar;C:\Users\whale\.m2\repository\com\jgoodies\forms\1.0.7\forms-1.0.7.jar;C:\Users\whale\.m2\repository\jdom\jdom\1.0\jdom-1.0.jar;C:\Users\whale\.m2\repository\junit\junit\4.11\junit-4.11.jar;C:\Users\whale\.m2\repository\org\hamcrest\hamcrest-core\1.3\hamcrest-core-1.3.jar;C:\Users\whale\.m2\repository\org\projectlombok\lombok\1.18.24\lombok-1.18.24.jar;"/>
    <property name="sun.cpu.endian" value="little"/>
    <property name="user.home" value="C:\Users\whale"/>
    <property name="user.language" value="ru"/>
    <property name="java.specification.vendor" value="Oracle Corporation"/>
    <property name="java.version.date" value="2020-07-14"/>
    <property name="java.home" value="C:\Users\whale\.jdks\openjdk-14.0.2"/>
    <property name="file.separator" value="\"/>
    <property name="basedir" value="C:\Users\whale\IdeaProjects\ReportTable"/>
    <property name="java.vm.compressedOopsMode" value="32-bit"/>
    <property name="line.separator" value="&#10;"/>
    <property name="java.vm.specification.vendor" value="Oracle Corporation"/>
    <property name="java.specification.name" value="Java Platform API Specification"/>
    <property name="surefire.real.class.path" value="C:\Users\whale\AppData\Local\Temp\surefire14324924684804208044\surefirebooter5579180131909936774.jar"/>
    <property name="user.script" value=""/>
    <property name="sun.management.compiler" value="HotSpot 64-Bit Tiered Compilers"/>
    <property name="java.runtime.version" value="14.0.2+12-46"/>
    <property name="user.name" value="whale"/>
    <property name="path.separator" value=";"/>
    <property name="os.version" value="10.0"/>
    <property name="java.runtime.name" value="OpenJDK Runtime Environment"/>
    <property name="file.encoding" value="Cp1251"/>
    <property name="java.vm.name" value="OpenJDK 64-Bit Server VM"/>
    <property name="localRepository" value="C:\Users\whale\.m2\repository"/>
    <property name="java.vendor.url.bug" value="https://bugreport.java.com/bugreport/"/>
    <property name="java.io.tmpdir" value="C:\Users\whale\AppData\Local\Temp\"/>
    <property name="idea.version" value="2022.2"/>
    <property name="java.version" value="14.0.2"/>
    <property name="user.dir" value="C:\Users\whale\IdeaProjects\ReportTable"/>
    <property name="os.arch" value="amd64"/>
    <property name="java.vm.specification.name" value="Java Virtual Machine Specification"/>
    <property name="sun.os.patch.level" value=""/>
    <property name="java.library.path" value="C:\Users\whale\.jdks\openjdk-14.0.2\bin;C:\WINDOWS\Sun\Java\bin;C:\WINDOWS\system32;C:\WINDOWS;C:\Program Files (x86)\Common Files\Oracle\Java\javapath;C:\ProgramData\Oracle\Java\javapath;C:\Program Files (x86)\Intel\Intel(R) Management Engine Components\iCLS\;C:\Program Files\Intel\Intel(R) Management Engine Components\iCLS\;C:\WINDOWS\system32;C:\WINDOWS;C:\WINDOWS\System32\Wbem;C:\WINDOWS\System32\WindowsPowerShell\v1.0\;C:\WINDOWS\System32\OpenSSH\;C:\Program Files (x86)\Intel\Intel(R) Management Engine Components\DAL;C:\Program Files\Intel\Intel(R) Management Engine Components\DAL;C:\Program Files (x86)\Intel\Intel(R) Management Engine Components\IPT;C:\Program Files\Intel\Intel(R) Management Engine Components\IPT;C:\Program Files\Intel\WiFi\bin\;C:\Program Files\Common Files\Intel\WirelessCommon\;C:\Program Files\Git\cmd;C:\Users\whale\AppData\Local\Microsoft\WindowsApps;C:\Users\whale\AppData\Local\GitHubDesktop\bin;C:\ProgStuff\Maven\apache-maven-3.8.5\bin;;."/>
    <property name="java.vm.info" value="mixed mode, sharing"/>
    <property name="java.vendor" value="Oracle Corporation"/>
    <property name="java.vm.version" value="14.0.2+12-46"/>
    <property name="sun.io.unicode.encoding" value="UnicodeLittle"/>
    <property name="java.class.version" value="58.0"/>
  </properties>
  <testcase name="shouldAnswerWithTrue" classname="com.osokin.AppTest" time="0.002"/>
</testsuite>